<?xml version="1.0" encoding="UTF-8"?>
<testng-results ignored="0" total="1" passed="1" failed="0" skipped="0">
  <reporter-output>
  </reporter-output>
  <suite started-at="2024-02-28T19:01:11 IST" name="Default suite" finished-at="2024-02-28T19:01:14 IST" duration-ms="3725">
    <groups>
    </groups>
    <test started-at="2024-02-28T19:01:11 IST" name="Default test" finished-at="2024-02-28T19:01:14 IST" duration-ms="3725">
      <class name="org.org.SeleniumConcepts1pts1.Xpath">
        <test-method signature="setUp()[pri:0, instance:org.org.SeleniumConcepts1pts1.Xpath@58cbafc2]" started-at="2024-02-28T19:01:11 IST" name="setUp" finished-at="2024-02-28T19:01:14 IST" duration-ms="3599" status="PASS">
          <reporter-output>
          </reporter-output>
        </test-method> <!-- setUp -->
      </class> <!-- org.org.SeleniumConcepts1pts1.Xpath -->
    </test> <!-- Default test -->
  </suite> <!-- Default suite -->
</testng-results>
